Arguments: 
  C:\Program Files\nodejs\node.exe C:\Users\Eyasu Emana\AppData\Roaming\npm\node_modules\yarn\bin\yarn.js install

PATH: 
  "C:\Program Files (x86)\Common Files\Oracle\Java\javapath;C:\Program Files\Java\jdk-10.0.1\bin;C:\Program Files\Java\jre1.8.0_191\bin";C:\WINDOWS\system32;C:\WINDOWS;C:\WINDOWS\System32\Wbem;C:\WINDOWS\System32\WindowsPowerShell\v1.0\;C:\Program Files\Java\jre1.8.0_191\bin;C:\Program Files (x86)\Windows Live\Shared;C:\WINDOWS\System32\OpenSSH\;C:\xampp\php;C:\composer;C:\MinGW\bin;C:\Program Files\Microsoft SQL Server\130\Tools\Binn\;C:\Program Files\Git\cmd;C:\ProgramData\chocolatey\bin;C:\Windows\System32;;C:\Program Files\MongoDB\Server\5.0\bin;C:\Program Files\nodejs\;C:\Users\Eyasu Emana\flutter sdk\bin;C:\Users\Eyasu Emana\AppData\Roaming\npm;C:\Program Files\Microsoft SQL Server\Client SDK\ODBC\170\Tools\Binn\;C:\Program Files (x86)\Microsoft SQL Server\150\Tools\Binn\;C:\Program Files\Microsoft SQL Server\150\Tools\Binn\;C:\Program Files\Microsoft SQL Server\150\DTS\Binn\;C:\Program Files (x86)\Microsoft SQL Server\150\DTS\Binn\;C:\Program Files\Azure Data Studio\bin;C:\Program Files\dotnet\;C:\Python310\Scripts\;C:\Python310\;C:\Users\Eyasu Emana\AppData\Local\Programs\Python\Python310\Scripts\;C:\Users\Eyasu Emana\AppData\Local\Programs\Python\Python310\;C:\Program Files\MySQL\MySQL Shell 8.0\bin\;C:\Users\Eyasu Emana\AppData\Local\Microsoft\WindowsApps;C:\Program Files\Java\jdk1.8.0_171\bin;C:\Users\Eyasu Emana\AppData\Local\atom\bin;C:\Users\Eyasu Emana\AppData\Roaming\Composer\vendor\bin;C:\Program Files\JetBrains\PyCharm Community Edition 2020.3.3\bin;;C:\Program Files\JetBrains\IntelliJ IDEA Community Edition 2021.1\bin;;C:\Program Files\JetBrains\IntelliJ IDEA 2021.1\bin;;G:\Tools\flutter\bin;C:\Users\Eyasu Emana\AppData\Local\Microsoft\WindowsApps;C:\Users\Eyasu Emana\AppData\Local\Programs\Microsoft VS Code\bin;C:\Windows\System32;;C:\Users\Eyasu Emana\AppData\Roaming\npm;C:\Program Files\heroku\bin;C:\tools\dart-sdk\bin;C:\Users\Eyasu Emana\AppData\Roaming\Pub\Cache\bin;;C:\Program Files\Azure Data Studio\bin

Yarn version: 
  1.22.11

Node version: 
  16.14.2

Platform: 
  win32 x64

Trace: 
  Error: getaddrinfo EAI_AGAIN registry.npmjs.org
      at GetAddrInfoReqWrap.onlookup [as oncomplete] (node:dns:71:26)

npm manifest: 
  {
    "name": "peer_to_peer_digital_loaning",
    "version": "1.0.0",
    "main": "node_modules/expo/AppEntry.js",
    "scripts": {
      "start": "expo start",
      "android": "expo start --android",
      "ios": "expo start --ios",
      "web": "expo start --web"
    },
    "dependencies": {
      "expo": "~47.0.8",
      "expo-status-bar": "~1.4.2",
      "react": "18.1.0",
      "react-native": "0.70.5"
    },
    "devDependencies": {
      "@babel/core": "^7.12.9"
    },
    "private": true
  }

yarn manifest: 
  No manifest

Lockfile: 
  No lockfile
